0 info it worked if it ends with ok
1 verbose cli [ 'C:\\Program Files\\nodejs\\node.exe',
1 verbose cli   'C:\\Program Files\\nodejs\\node_modules\\npm\\bin\\npm-cli.js',
1 verbose cli   'start' ]
2 info using npm@3.7.3
3 info using node@v5.9.1
4 verbose run-script [ 'prestart', 'start', 'poststart' ]
5 info lifecycle ng2-kickstart@1.0.0~prestart: ng2-kickstart@1.0.0
6 silly lifecycle ng2-kickstart@1.0.0~prestart: no script for prestart, continuing
7 info lifecycle ng2-kickstart@1.0.0~start: ng2-kickstart@1.0.0
8 verbose lifecycle ng2-kickstart@1.0.0~start: unsafe-perm in lifecycle true
9 verbose lifecycle ng2-kickstart@1.0.0~start: PATH: C:\Program Files\nodejs\node_modules\npm\bin\node-gyp-bin;C:\Users\Miguel\Desktop\wa\node_modules\.bin;C:\Program Files\nodejs;C:\ProgramData\Oracle\Java\javapath;C:\Windows\system32;C:\Windows;C:\Windows\System32\Wbem;C:\Windows\System32\WindowsPowerShell\v1.0\;C:\Program Files (x86)\NVIDIA Corporation\PhysX\Common;C:\Program Files\nodejs\;C:\Program Files (x86)\Skype\Phone\;C:\WINDOWS\system32;C:\WINDOWS;C:\WINDOWS\System32\Wbem;C:\WINDOWS\System32\WindowsPowerShell\v1.0\;C:\Program Files (x86)\GtkSharp\2.12\bin;C:\Program Files\MongoDB\Server\3.2\bin;D:\Programs\Brackets\command;C:\Program Files\Git\cmd;C:\Users\Miguel\AppData\Roaming\npm;C:\Users\Miguel\AppData\Local\atom\bin;C:\Program Files\Java\jdk1.8.0_101\bin;C:\Program Files (x86)\Microsoft VS Code\bin
10 verbose lifecycle ng2-kickstart@1.0.0~start: CWD: C:\Users\Miguel\Desktop\wa
11 silly lifecycle ng2-kickstart@1.0.0~start: Args: [ '/d /s /c', 'npm run server' ]
12 silly lifecycle ng2-kickstart@1.0.0~start: Returned: code: 1  signal: null
13 info lifecycle ng2-kickstart@1.0.0~start: Failed to exec start script
14 verbose stack Error: ng2-kickstart@1.0.0 start: `npm run server`
14 verbose stack Exit status 1
14 verbose stack     at EventEmitter.<anonymous> (C:\Program Files\nodejs\node_modules\npm\lib\utils\lifecycle.js:239:16)
14 verbose stack     at emitTwo (events.js:100:13)
14 verbose stack     at EventEmitter.emit (events.js:185:7)
14 verbose stack     at ChildProcess.<anonymous> (C:\Program Files\nodejs\node_modules\npm\lib\utils\spawn.js:24:14)
14 verbose stack     at emitTwo (events.js:100:13)
14 verbose stack     at ChildProcess.emit (events.js:185:7)
14 verbose stack     at maybeClose (internal/child_process.js:850:16)
14 verbose stack     at Process.ChildProcess._handle.onexit (internal/child_process.js:215:5)
15 verbose pkgid ng2-kickstart@1.0.0
16 verbose cwd C:\Users\Miguel\Desktop\wa
17 error Windows_NT 10.0.10586
18 error argv "C:\\Program Files\\nodejs\\node.exe" "C:\\Program Files\\nodejs\\node_modules\\npm\\bin\\npm-cli.js" "start"
19 error node v5.9.1
20 error npm  v3.7.3
21 error code ELIFECYCLE
22 error ng2-kickstart@1.0.0 start: `npm run server`
22 error Exit status 1
23 error Failed at the ng2-kickstart@1.0.0 start script 'npm run server'.
23 error Make sure you have the latest version of node.js and npm installed.
23 error If you do, this is most likely a problem with the ng2-kickstart package,
23 error not with npm itself.
23 error Tell the author that this fails on your system:
23 error     npm run server
23 error You can get information on how to open an issue for this project with:
23 error     npm bugs ng2-kickstart
23 error Or if that isn't available, you can get their info via:
23 error     npm owner ls ng2-kickstart
23 error There is likely additional logging output above.
24 verbose exit [ 1, true ]
